<?xml version="1.0" encoding="UTF-8"?>
<!-- Generated by org.testng.reporters.JUnitReportReporter -->
<testsuite hostname="LAPTOP-NNLS1QRE" failures="0" tests="5" name="com.actitime.testscript.hi" time="0.026" errors="0" timestamp="2023-07-27T17:40:57 IST" skipped="0">
  <testcase classname="com.actitime.testscript.hi" name="ReviewCustomer" time="0.002">
    <system-out>
      <![CDATA[ReviewCustomer]]>
    </system-out>
  </testcase> <!-- ReviewCustomer -->
  <testcase classname="com.actitime.testscript.hi" name="ReviewCustomer" time="0.002">
    <system-out>
      <![CDATA[ReviewCustomer]]>
    </system-out>
  </testcase> <!-- ReviewCustomer -->
  <testcase classname="com.actitime.testscript.hi" name="DeleteCustomer" time="0.005">
    <system-out>
      <![CDATA[DeleteCustomer]]>
    </system-out>
  </testcase> <!-- DeleteCustomer -->
  <testcase classname="com.actitime.testscript.hi" name="ReviewCustomer" time="0.004">
    <system-out>
      <![CDATA[ReviewCustomer]]>
    </system-out>
  </testcase> <!-- ReviewCustomer -->
  <testcase classname="com.actitime.testscript.hi" name="CreateCustomer" time="0.013">
    <system-out>
      <![CDATA[CreateCustomer]]>
    </system-out>
  </testcase> <!-- CreateCustomer -->
  <system-out>
    <![CDATA[CreateCustomer
DeleteCustomer
ReviewCustomer
ReviewCustomer
ReviewCustomer
CreateCustomer
DeleteCustomer
ReviewCustomer
ReviewCustomer
ReviewCustomer]]>
  </system-out>
</testsuite> <!-- com.actitime.testscript.hi -->
