<?xml version="1.0" encoding="UTF-8"?>
<!-- Generated by org.testng.reporters.JUnitReportReporter -->
<testsuite hostname="LAPTOP-NNLS1QRE" failures="0" tests="5" name="com.actitime.testscript.DisabledCase" time="0.013" errors="0" timestamp="2023-07-27T19:08:26 IST" skipped="0">
  <testcase classname="com.actitime.testscript.DisabledCase" name="peleteCustomer" time="0.002">
    <system-out>
      <![CDATA[peleteCustomer]]>
    </system-out>
  </testcase> <!-- peleteCustomer -->
  <testcase classname="com.actitime.testscript.DisabledCase" name="oeviewCustomer" time="0.002">
    <system-out>
      <![CDATA[oeviewCustomer]]>
    </system-out>
  </testcase> <!-- oeviewCustomer -->
  <testcase classname="com.actitime.testscript.DisabledCase" name="oeviewCustomer" time="0.005">
    <system-out>
      <![CDATA[oeviewCustomer]]>
    </system-out>
  </testcase> <!-- oeviewCustomer -->
  <testcase classname="com.actitime.testscript.DisabledCase" name="greateCustomer" time="0.002">
    <system-out>
      <![CDATA[greateCustomer]]>
    </system-out>
  </testcase> <!-- greateCustomer -->
  <testcase classname="com.actitime.testscript.DisabledCase" name="oeviewCustomer" time="0.002">
    <system-out>
      <![CDATA[oeviewCustomer]]>
    </system-out>
  </testcase> <!-- oeviewCustomer -->
  <system-out>
    <![CDATA[CreateCustomer
DeleteCustomer
ReviewCustomer
ReviewCustomer
ReviewCustomer
greateCustomer
oeviewCustomer
oeviewCustomer
oeviewCustomer
peleteCustomer]]>
  </system-out>
</testsuite> <!-- com.actitime.testscript.DisabledCase -->
