<?xml version="1.0" encoding="UTF-8"?>
<!-- Generated by org.testng.reporters.JUnitReportReporter -->
<testsuite hostname="LAPTOP-NNLS1QRE" failures="0" tests="2" name="com.actitime.testscript.createCustomer" time="0.015" errors="0" timestamp="2023-07-27T17:35:16 IST" skipped="0">
  <testcase classname="com.actitime.testscript.createCustomer" name="testcreateCustomer" time="0.013">
    <system-out>
      <![CDATA[createCustomer]]>
    </system-out>
  </testcase> <!-- testcreateCustomer -->
  <testcase classname="com.actitime.testscript.createCustomer" name="testeditCustomer" time="0.002">
    <system-out>
      <![CDATA[editCustomer]]>
    </system-out>
  </testcase> <!-- testeditCustomer -->
  <system-out>
    <![CDATA[createCustomer
editCustomer
CreateCustomer
ReviewCustomer]]>
  </system-out>
</testsuite> <!-- com.actitime.testscript.createCustomer -->
