<?xml version="1.0" encoding="UTF-8"?>
<!-- Generated by org.testng.reporters.JUnitReportReporter -->
<testsuite hostname="LAPTOP-NNLS1QRE" failures="0" tests="5" name="com.actitime.testscript.isabledTestCase" time="0.023" errors="0" timestamp="2023-07-27T19:08:26 IST" skipped="0">
  <testcase classname="com.actitime.testscript.isabledTestCase" name="ReviewCustomer" time="0.002">
    <system-out>
      <![CDATA[ReviewCustomer]]>
    </system-out>
  </testcase> <!-- ReviewCustomer -->
  <testcase classname="com.actitime.testscript.isabledTestCase" name="ReviewCustomer" time="0.004">
    <system-out>
      <![CDATA[ReviewCustomer]]>
    </system-out>
  </testcase> <!-- ReviewCustomer -->
  <testcase classname="com.actitime.testscript.isabledTestCase" name="ReviewCustomer" time="0.002">
    <system-out>
      <![CDATA[ReviewCustomer]]>
    </system-out>
  </testcase> <!-- ReviewCustomer -->
  <testcase classname="com.actitime.testscript.isabledTestCase" name="DeleteCustomer" time="0.003">
    <system-out>
      <![CDATA[DeleteCustomer]]>
    </system-out>
  </testcase> <!-- DeleteCustomer -->
  <testcase classname="com.actitime.testscript.isabledTestCase" name="CreateCustomer" time="0.012">
    <system-out>
      <![CDATA[CreateCustomer]]>
    </system-out>
  </testcase> <!-- CreateCustomer -->
  <system-out>
    <![CDATA[CreateCustomer
DeleteCustomer
ReviewCustomer
ReviewCustomer
ReviewCustomer
greateCustomer
oeviewCustomer
oeviewCustomer
oeviewCustomer
peleteCustomer]]>
  </system-out>
</testsuite> <!-- com.actitime.testscript.isabledTestCase -->
