<?xml version="1.0" encoding="UTF-8"?>
<!-- Generated by org.testng.reporters.JUnitReportReporter -->
<testsuite hostname="LAPTOP-NNLS1QRE" failures="0" tests="3" name="com.actitime.testscript.OrderOfExecution" time="0.011" errors="0" timestamp="2023-07-27T17:28:36 IST" skipped="0">
  <testcase classname="com.actitime.testscript.OrderOfExecution" name="DeleteCustomer" time="0.002">
    <system-out>
      <![CDATA[DeleteCustomer]]>
    </system-out>
  </testcase> <!-- DeleteCustomer -->
  <testcase classname="com.actitime.testscript.OrderOfExecution" name="CreateCustomer" time="0.005">
    <system-out>
      <![CDATA[CreateCustomer]]>
    </system-out>
  </testcase> <!-- CreateCustomer -->
  <testcase classname="com.actitime.testscript.OrderOfExecution" name="ReviewCustomer" time="0.004">
    <system-out>
      <![CDATA[ReviewCustomer]]>
    </system-out>
  </testcase> <!-- ReviewCustomer -->
  <system-out>
    <![CDATA[createCustomer
editCustomer
CreateCustomer
ReviewCustomer
CreateCustomer
DeleteCustomer
ReviewCustomer
CreateCustomer
ReviewCustomer
DeleteCustomer
ReviewCustomer
DeleteCustomer
createCustomer
createCustomer
CreateCustomer
ReviewCustomer
DeleteCustomer
CreateCustomer
CreateCustomer
CreateCustomer
ReviewCustomer
DeleteCustomer]]>
  </system-out>
</testsuite> <!-- com.actitime.testscript.OrderOfExecution -->
