<?xml version="1.0" encoding="UTF-8"?>
<!-- Generated by org.testng.reporters.JUnitReportReporter -->
<testsuite hostname="LAPTOP-NNLS1QRE" failures="0" tests="1" name="com.actitime.testscript.CustomerModule11" time="0.001" errors="0" timestamp="2023-07-27T17:28:36 IST" skipped="0">
  <testcase classname="com.actitime.testscript.CustomerModule11" name="createcustomer" time="0.001">
    <system-out>
      <![CDATA[createCustomer]]>
    </system-out>
  </testcase> <!-- createcustomer -->
  <system-out>
    <![CDATA[createCustomer
editCustomer
CreateCustomer
ReviewCustomer
CreateCustomer
DeleteCustomer
ReviewCustomer
CreateCustomer
ReviewCustomer
DeleteCustomer
ReviewCustomer
DeleteCustomer
createCustomer
createCustomer
CreateCustomer
ReviewCustomer
DeleteCustomer
CreateCustomer
CreateCustomer
CreateCustomer
ReviewCustomer
DeleteCustomer]]>
  </system-out>
</testsuite> <!-- com.actitime.testscript.CustomerModule11 -->
